Bangor Public Library number of total transactions: 340
number of errors: 340
number of warnings: 0 

PTF_2025022508370427_LEAP-BPL.TRN Error Transaction type: Check-out, Patron Barcode: 25109001859099, Item barcode: 35109007633439, Transaction time: 2/25/2025 11:34:09 AM. Item's lastCircTransactionDate is newer than this transaction date. 
PTF_2025022508370427_LEAP-BPL.TRN Error Transaction type: Check-out, Patron Barcode: 25109001860824, Item barcode: 35109007477787, Transaction time: 2/25/2025 12:31:45 PM. Item's lastCircTransactionDate is newer than this transaction date. 
PTF_2025022508370427_LEAP-BPL.TRN Error Transaction type: Check-out, Patron Barcode: 25109001893742, Item barcode: 35109007651308, Transaction time: 2/25/2025 1:40:27 PM. Item's lastCircTransactionDate is newer than this transaction date. 
PTF_2025022508370427_LEAP-BPL.TRN Error Transaction type: Check-out, Patron Barcode: 25109001546977, Item barcode: 35109007728163, Transaction time: 2/25/2025 2:18:56 PM. Item's lastCircTransactionDate is newer than this transaction date. 
PTF_2025022508370427_LEAP-BPL.TRN Error Transaction type: Check-out, Patron Barcode: 25109000062190, Item barcode: 35109007583139, Transaction time: 2/25/2025 4:25:59 PM. Item's lastCircTransactionDate is newer than this transaction date. 
PTF_2025022508403739_LEAP-BPL.TRN Error Transaction type: Check-out, Patron Barcode: 25109002158285, Item barcode: 35109007465485, Transaction time: 2/25/2025 10:12:46 AM. Item's lastCircTransactionDate is newer than this transaction date. 
PTF_2025022508403739_LEAP-BPL.TRN Error Transaction type: Check-out, Patron Barcode: 25109002158285, Item barcode: 35109002631206, Transaction time: 2/25/2025 10:12:47 AM. Item's lastCircTransactionDate is newer than this transaction date. 
PTF_2025022508403739_LEAP-BPL.TRN Error Transaction type: Check-out, Patron Barcode: 25109002158285, Item barcode: 35109007086323, Transaction time: 2/25/2025 10:12:50 AM. Item's lastCircTransactionDate is newer than this transaction date. 
PTF_2025022508403739_LEAP-BPL.TRN Error Transaction type: Check-out, Patron Barcode: 25109001822246, Item barcode: 35109007027533, Transaction time: 2/25/2025 10:13:32 AM. Item's lastCircTransactionDate is newer than this transaction date. 
PTF_2025022508403739_LEAP-BPL.TRN Error Transaction type: Check-out, Patron Barcode: 25109002158285, Item barcode: 35109005985682, Transaction time: 2/25/2025 10:13:40 AM. Item's lastCircTransactionDate is newer than this transaction date. 
PTF_2025022508403739_LEAP-BPL.TRN Error Transaction type: Check-out, Patron Barcode: 25109001822246, Item barcode: 35109007742800, Transaction time: 2/25/2025 10:13:49 AM. Item's lastCircTransactionDate is newer than this transaction date. 
PTF_2025022508403739_LEAP-BPL.TRN Error Transaction type: Check-out, Patron Barcode: 25109001822246, Item barcode: 35109007509969, Transaction time: 2/25/2025 10:13:51 AM. Item's lastCircTransactionDate is newer than this transaction date. 
PTF_2025022508403739_LEAP-BPL.TRN Error Transaction type: Check-out, Patron Barcode: 25109002158285, Item barcode: 35109007608886, Transaction time: 2/25/2025 10:13:57 AM. Item's lastCircTransactionDate is newer than this transaction date. 
PTF_2025022508403739_LEAP-BPL.TRN Error Transaction type: Check-out, Patron Barcode: 25109001822246, Item barcode: 35109006467458, Transaction time: 2/25/2025 10:13:58 AM. Item's lastCircTransactionDate is newer than this transaction date. 
PTF_2025022508403739_LEAP-BPL.TRN Error Transaction type: Check-out, Patron Barcode: 25109001833201, Item barcode: 35109007122060, Transaction time: 2/25/2025 10:23:11 AM. Item's lastCircTransactionDate is newer than this transaction date. 
PTF_2025022508403739_LEAP-BPL.TRN Error Transaction type: Check-out, Patron Barcode: 25109001833201, Item barcode: 35109007678657, Transaction time: 2/25/2025 10:23:19 AM. Item's lastCircTransactionDate is newer than this transaction date. 
PTF_2025022508403739_LEAP-BPL.TRN Error Transaction type: Check-out, Patron Barcode: 25109001836303, Item barcode: 35109007716135, Transaction time: 2/25/2025 10:36:52 AM. Item's lastCircTransactionDate is newer than this transaction date. 
PTF_2025022508403739_LEAP-BPL.TRN Error Transaction type: Check-out, Patron Barcode: 25109001857721, Item barcode: 35109007539966, Transaction time: 2/25/2025 10:52:00 AM. Item's lastCircTransactionDate is newer than this transaction date. 
PTF_2025022508403739_LEAP-BPL.TRN Error Transaction type: Check-out, Patron Barcode: 25109002230688, Item barcode: 35109006469397, Transaction time: 2/25/2025 10:53:56 AM. Item's lastCircTransactionDate is newer than this transaction date. 
PTF_2025022508403739_LEAP-BPL.TRN Error Transaction type: Check-out, Patron Barcode: 25109001984467, Item barcode: 35109007571829, Transaction time: 2/25/2025 10:53:59 AM. Item's lastCircTransactionDate is newer than this transaction date. 
PTF_2025022508403739_LEAP-BPL.TRN Error Transaction type: Check-out, Patron Barcode: 25109002230688, Item barcode: 35109007120817, Transaction time: 2/25/2025 10:54:00 AM. Item's lastCircTransactionDate is newer than this transaction date. 
PTF_2025022508403739_LEAP-BPL.TRN Error Transaction type: Check-out, Patron Barcode: 25109001984467, Item barcode: 35109006815979, Transaction time: 2/25/2025 10:54:08 AM. Item's lastCircTransactionDate is newer than this transaction date. 
PTF_2025022508403739_LEAP-BPL.TRN Error Transaction type: Check-out, Patron Barcode: 25109001984467, Item barcode: 35109007694324, Transaction time: 2/25/2025 10:54:15 AM. Item's lastCircTransactionDate is newer than this transaction date. 
PTF_2025022508403739_LEAP-BPL.TRN Error Transaction type: Check-out, Patron Barcode: 25109001967819, Item barcode: 35109003235536, Transaction time: 2/25/2025 10:55:56 AM. Item's lastCircTransactionDate is newer than this transaction date. 
PTF_2025022508403739_LEAP-BPL.TRN Error Transaction type: Check-out, Patron Barcode: 25109001967819, Item barcode: 35109007650714, Transaction time: 2/25/2025 10:56:27 AM. Item's lastCircTransactionDate is newer than this transaction date. 
PTF_2025022508403739_LEAP-BPL.TRN Error Transaction type: Check-out, Patron Barcode: 25109001807825, Item barcode: 35109007669862, Transaction time: 2/25/2025 10:58:39 AM. Item's lastCircTransactionDate is newer than this transaction date. 
PTF_2025022508403739_LEAP-BPL.TRN Error Transaction type: Check-out, Patron Barcode: 25109001807825, Item barcode: 35109007669862, Transaction time: 2/25/2025 10:58:46 AM. Item's lastCircTransactionDate is newer than this transaction date. 
PTF_2025022508403739_LEAP-BPL.TRN Error Transaction type: Check-out, Patron Barcode: 25109002154540, Item barcode: 35109007013467, Transaction time: 2/25/2025 11:07:35 AM. Item's lastCircTransactionDate is newer than this transaction date. 
PTF_2025022508403739_LEAP-BPL.TRN Error Transaction type: Check-out, Patron Barcode: 25109001865179, Item barcode: 35109005640220, Transaction time: 2/25/2025 11:11:21 AM. Item's lastCircTransactionDate is newer than this transaction date. 
PTF_2025022508403739_LEAP-BPL.TRN Error Transaction type: Check-out, Patron Barcode: 25109001809979, Item barcode: 35109006539280, Transaction time: 2/25/2025 11:11:59 AM. Item's lastCircTransactionDate is newer than this transaction date. 
PTF_2025022508403739_LEAP-BPL.TRN Error Transaction type: Check-out, Patron Barcode: 25109001809979, Item barcode: 35109005876527, Transaction time: 2/25/2025 11:12:02 AM. Item's lastCircTransactionDate is newer than this transaction date. 
PTF_2025022508403739_LEAP-BPL.TRN Error Transaction type: Check-out, Patron Barcode: 25109001809979, Item barcode: 35109007561762, Transaction time: 2/25/2025 11:12:07 AM. Item's lastCircTransactionDate is newer than this transaction date. 
PTF_2025022508403739_LEAP-BPL.TRN Error Transaction type: Check-out, Patron Barcode: 25109001809979, Item barcode: 35109001914496, Transaction time: 2/25/2025 11:12:11 AM. Item's lastCircTransactionDate is newer than this transaction date. 
PTF_2025022508403739_LEAP-BPL.TRN Error Transaction type: Check-out, Patron Barcode: 25109002236305, Item barcode: 35109007731282, Transaction time: 2/25/2025 11:22:13 AM. Item's lastCircTransactionDate is newer than this transaction date. 
PTF_2025022508403739_LEAP-BPL.TRN Error Transaction type: Check-out, Patron Barcode: 25109001811801, Item barcode: 35109006166720, Transaction time: 2/25/2025 11:31:43 AM. Item's lastCircTransactionDate is newer than this transaction date. 
PTF_2025022508403739_LEAP-BPL.TRN Error Transaction type: Check-out, Patron Barcode: 25109001811801, Item barcode: 35109005014251, Transaction time: 2/25/2025 11:31:45 AM. Item's lastCircTransactionDate is newer than this transaction date. 
PTF_2025022508403739_LEAP-BPL.TRN Error Transaction type: Check-out, Patron Barcode: 25109001967108, Item barcode: 35109007400698, Transaction time: 2/25/2025 11:33:30 AM. Item's lastCircTransactionDate is newer than this transaction date. 
PTF_2025022508403739_LEAP-BPL.TRN Error Transaction type: Check-out, Patron Barcode: 25109001848084, Item barcode: 35109007686445, Transaction time: 2/25/2025 11:39:20 AM. Item's lastCircTransactionDate is newer than this transaction date. 
PTF_2025022508403739_LEAP-BPL.TRN Error Transaction type: Check-out, Patron Barcode: 25109001848084, Item barcode: 35109006996894, Transaction time: 2/25/2025 11:39:24 AM. Item's lastCircTransactionDate is newer than this transaction date. 
PTF_2025022508403739_LEAP-BPL.TRN Error Transaction type: Check-out, Patron Barcode: 25109002157345, Item barcode: 35109007384058, Transaction time: 2/25/2025 11:39:44 AM. Item's lastCircTransactionDate is newer than this transaction date. 
PTF_2025022508403739_LEAP-BPL.TRN Error Transaction type: Check-out, Patron Barcode: 25109001986702, Item barcode: 35109007625377, Transaction time: 2/25/2025 11:42:51 AM. Item's lastCircTransactionDate is newer than this transaction date. 
PTF_2025022508403739_LEAP-BPL.TRN Error Transaction type: Check-out, Patron Barcode: 25109001958206, Item barcode: 35109002986337, Transaction time: 2/25/2025 11:44:06 AM. Item's lastCircTransactionDate is newer than this transaction date. 
PTF_2025022508403739_LEAP-BPL.TRN Error Transaction type: Check-out, Patron Barcode: 25109001811801, Item barcode: 35109004833677, Transaction time: 2/25/2025 11:44:51 AM. Item's lastCircTransactionDate is newer than this transaction date. 
PTF_2025022508403739_LEAP-BPL.TRN Error Transaction type: Check-out, Patron Barcode: 25109002236305, Item barcode: 35109007757634, Transaction time: 2/25/2025 11:47:23 AM. Item's lastCircTransactionDate is newer than this transaction date. 
PTF_2025022508403739_LEAP-BPL.TRN Error Transaction type: Check-out, Patron Barcode: 25109002236305, Item barcode: 35109007649740, Transaction time: 2/25/2025 11:47:26 AM. Item's lastCircTransactionDate is newer than this transaction date. 
PTF_2025022508403739_LEAP-BPL.TRN Error Transaction type: Check-out, Patron Barcode: 25109002233740, Item barcode: 35109007755638, Transaction time: 2/25/2025 11:47:32 AM. Item's lastCircTransactionDate is newer than this transaction date. 
PTF_2025022508403739_LEAP-BPL.TRN Error Transaction type: Check-out, Patron Barcode: 25109001971324, Item barcode: 35109005039027, Transaction time: 2/25/2025 11:47:33 AM. Item's lastCircTransactionDate is newer than this transaction date. 
PTF_2025022508403739_LEAP-BPL.TRN Error Transaction type: Check-out, Patron Barcode: 25109001971324, Item barcode: 35109007069113, Transaction time: 2/25/2025 11:47:35 AM. Item's lastCircTransactionDate is newer than this transaction date. 
PTF_2025022508403739_LEAP-BPL.TRN Error Transaction type: Check-out, Patron Barcode: 25109002233740, Item barcode: 35109007609447, Transaction time: 2/25/2025 11:48:06 AM. Item's lastCircTransactionDate is newer than this transaction date. 
PTF_2025022508403739_LEAP-BPL.TRN Error Transaction type: Check-out, Patron Barcode: 25109002233740, Item barcode: 35109007306846, Transaction time: 2/25/2025 11:48:16 AM. Item's lastCircTransactionDate is newer than this transaction date. 
PTF_2025022508403739_LEAP-BPL.TRN Error Transaction type: Check-out, Patron Barcode: 25109002233740, Item barcode: 35109007609447, Transaction time: 2/25/2025 11:48:26 AM. Item's lastCircTransactionDate is newer than this transaction date. 
PTF_2025022508403739_LEAP-BPL.TRN Error Transaction type: Check-out, Patron Barcode: 25109001810902, Item barcode: 35109007272642, Transaction time: 2/25/2025 11:48:28 AM. Item's lastCircTransactionDate is newer than this transaction date. 
PTF_2025022508403739_LEAP-BPL.TRN Error Transaction type: Check-out, Patron Barcode: 25109001810902, Item barcode: 35109007341520, Transaction time: 2/25/2025 11:48:30 AM. Item's lastCircTransactionDate is newer than this transaction date. 
PTF_2025022508403739_LEAP-BPL.TRN Error Transaction type: Check-out, Patron Barcode: 25109001810902, Item barcode: 35109007526609, Transaction time: 2/25/2025 11:48:33 AM. Item's lastCircTransactionDate is newer than this transaction date. 
PTF_2025022508403739_LEAP-BPL.TRN Error Transaction type: Check-out, Patron Barcode: 25109002158053, Item barcode: 35109007266495, Transaction time: 2/25/2025 11:49:47 AM. Item's lastCircTransactionDate is newer than this transaction date. 
PTF_2025022508403739_LEAP-BPL.TRN Error Transaction type: Check-out, Patron Barcode: 25109002158533, Item barcode: 35109007237314, Transaction time: 2/25/2025 11:49:48 AM. Item's lastCircTransactionDate is newer than this transaction date. 
PTF_2025022508403739_LEAP-BPL.TRN Error Transaction type: Check-out, Patron Barcode: 25109001821776, Item barcode: 35109005933831, Transaction time: 2/25/2025 11:51:04 AM. Item's lastCircTransactionDate is newer than this transaction date. 
PTF_2025022508403739_LEAP-BPL.TRN Error Transaction type: Check-out, Patron Barcode: 25109001821776, Item barcode: 35109006961864, Transaction time: 2/25/2025 11:51:06 AM. Item's lastCircTransactionDate is newer than this transaction date. 
PTF_2025022508403739_LEAP-BPL.TRN Error Transaction type: Check-out, Patron Barcode: 25109001915636, Item barcode: 35109007166547, Transaction time: 2/25/2025 11:56:10 AM. Item's lastCircTransactionDate is newer than this transaction date. 
PTF_2025022508403739_LEAP-BPL.TRN Error Transaction type: Check-out, Patron Barcode: 25109001966878, Item barcode: 35109007538000, Transaction time: 2/25/2025 11:57:13 AM. Item's lastCircTransactionDate is newer than this transaction date. 
PTF_2025022508403739_LEAP-BPL.TRN Error Transaction type: Check-out, Patron Barcode: 25109001966878, Item barcode: 35109007631276, Transaction time: 2/25/2025 11:58:32 AM. Item's lastCircTransactionDate is newer than this transaction date. 
PTF_2025022508403739_LEAP-BPL.TRN Error Transaction type: Check-out, Patron Barcode: 25109001949510, Item barcode: 35109005623044, Transaction time: 2/25/2025 11:59:28 AM. Item's lastCircTransactionDate is newer than this transaction date. 
PTF_2025022508403739_LEAP-BPL.TRN Error Transaction type: Check-out, Patron Barcode: 25109001949510, Item barcode: 35109005858400, Transaction time: 2/25/2025 11:59:31 AM. Item's lastCircTransactionDate is newer than this transaction date. 
PTF_2025022508403739_LEAP-BPL.TRN Error Transaction type: Check-out, Patron Barcode: 25109001949510, Item barcode: 35109004479273, Transaction time: 2/25/2025 11:59:41 AM. Item's lastCircTransactionDate is newer than this transaction date. 
PTF_2025022508403739_LEAP-BPL.TRN Error Transaction type: Check-out, Patron Barcode: 25109001949510, Item barcode: 35109007594904, Transaction time: 2/25/2025 11:59:47 AM. Item's lastCircTransactionDate is newer than this transaction date. 
PTF_2025022508403739_LEAP-BPL.TRN Error Transaction type: Check-out, Patron Barcode: 25109001966746, Item barcode: 35109002554945, Transaction time: 2/25/2025 11:59:52 AM. Item's lastCircTransactionDate is newer than this transaction date. 
PTF_2025022508403739_LEAP-BPL.TRN Error Transaction type: Check-out, Patron Barcode: 25109001949510, Item barcode: 35109002484267, Transaction time: 2/25/2025 12:00:01 PM. Item's lastCircTransactionDate is newer than this transaction date. 
PTF_2025022508403739_LEAP-BPL.TRN Error Transaction type: Check-out, Patron Barcode: 25109001949510, Item barcode: 35109004241285, Transaction time: 2/25/2025 12:00:10 PM. Item's lastCircTransactionDate is newer than this transaction date. 
PTF_2025022508403739_LEAP-BPL.TRN Error Transaction type: Check-out, Patron Barcode: 25109001319870, Item barcode: 35109006754079, Transaction time: 2/25/2025 12:02:13 PM. Item's lastCircTransactionDate is newer than this transaction date. 
PTF_2025022508403739_LEAP-BPL.TRN Error Transaction type: Check-out, Patron Barcode: 25109001319870, Item barcode: 35109007524356, Transaction time: 2/25/2025 12:02:21 PM. Item's lastCircTransactionDate is newer than this transaction date. 
PTF_2025022508403739_LEAP-BPL.TRN Error Transaction type: Check-out, Patron Barcode: 25109001319870, Item barcode: 35109007461690, Transaction time: 2/25/2025 12:02:29 PM. Item's lastCircTransactionDate is newer than this transaction date. 
PTF_2025022508403739_LEAP-BPL.TRN Error Transaction type: Check-out, Patron Barcode: 25109001319870, Item barcode: 35109005146764, Transaction time: 2/25/2025 12:02:37 PM. Item's lastCircTransactionDate is newer than this transaction date. 
PTF_2025022508403739_LEAP-BPL.TRN Error Transaction type: Check-out, Patron Barcode: 25109001812072, Item barcode: 35109007327842, Transaction time: 2/25/2025 12:02:56 PM. Item's lastCircTransactionDate is newer than this transaction date. 
PTF_2025022508403739_LEAP-BPL.TRN Error Transaction type: Check-out, Patron Barcode: 25109001005065, Item barcode: 35109007241084, Transaction time: 2/25/2025 12:04:08 PM. Item's lastCircTransactionDate is newer than this transaction date. 
PTF_2025022508403739_LEAP-BPL.TRN Error Transaction type: Check-out, Patron Barcode: 25109001005065, Item barcode: 35109007579624, Transaction time: 2/25/2025 12:04:27 PM. Item's lastCircTransactionDate is newer than this transaction date. 
PTF_2025022508403739_LEAP-BPL.TRN Error Transaction type: Check-out, Patron Barcode: 25109001005065, Item barcode: 35109007681347, Transaction time: 2/25/2025 12:04:53 PM. Item's lastCircTransactionDate is newer than this transaction date. 
PTF_2025022508403739_LEAP-BPL.TRN Error Transaction type: Check-out, Patron Barcode: 25109001005065, Item barcode: 35109004057236, Transaction time: 2/25/2025 12:04:59 PM. Item's lastCircTransactionDate is newer than this transaction date. 
PTF_2025022508403739_LEAP-BPL.TRN Error Transaction type: Check-out, Patron Barcode: 25109001005065, Item barcode: 35109006514457, Transaction time: 2/25/2025 12:05:14 PM. Item's lastCircTransactionDate is newer than this transaction date. 
PTF_2025022508403739_LEAP-BPL.TRN Error Transaction type: Check-out, Patron Barcode: 25109001005065, Item barcode: 35109007483413, Transaction time: 2/25/2025 12:05:21 PM. Item's lastCircTransactionDate is newer than this transaction date. 
PTF_2025022508403739_LEAP-BPL.TRN Error Transaction type: Check-out, Patron Barcode: 25109001005065, Item barcode: 35109007310103, Transaction time: 2/25/2025 12:05:40 PM. Item's lastCircTransactionDate is newer than this transaction date. 
PTF_2025022508403739_LEAP-BPL.TRN Error Transaction type: Check-out, Patron Barcode: 25109001005065, Item barcode: 35109006726283, Transaction time: 2/25/2025 12:05:45 PM. Item's lastCircTransactionDate is newer than this transaction date. 
PTF_2025022508403739_LEAP-BPL.TRN Error Transaction type: Check-out, Patron Barcode: 25109001954601, Item barcode: 35109004925846, Transaction time: 2/25/2025 12:06:05 PM. Item's lastCircTransactionDate is newer than this transaction date. 
PTF_2025022508403739_LEAP-BPL.TRN Error Transaction type: Check-out, Patron Barcode: 25109001005065, Item barcode: 35109007221102, Transaction time: 2/25/2025 12:06:30 PM. Item's lastCircTransactionDate is newer than this transaction date. 
PTF_2025022508403739_LEAP-BPL.TRN Error Transaction type: Check-out, Patron Barcode: 25109001005065, Item barcode: 35109007105628, Transaction time: 2/25/2025 12:06:39 PM. Item's lastCircTransactionDate is newer than this transaction date. 
PTF_2025022508403739_LEAP-BPL.TRN Error Transaction type: Check-out, Patron Barcode: 25109001005065, Item barcode: 35109004582431, Transaction time: 2/25/2025 12:06:51 PM. Item's lastCircTransactionDate is newer than this transaction date. 
PTF_2025022508403739_LEAP-BPL.TRN Error Transaction type: Check-out, Patron Barcode: 25109002233591, Item barcode: 35109006429532, Transaction time: 2/25/2025 12:07:00 PM. Item's lastCircTransactionDate is newer than this transaction date. 
PTF_2025022508403739_LEAP-BPL.TRN Error Transaction type: Check-out, Patron Barcode: 25109002233591, Item barcode: 35109005921877, Transaction time: 2/25/2025 12:07:16 PM. Item's lastCircTransactionDate is newer than this transaction date. 
PTF_2025022508403739_LEAP-BPL.TRN Error Transaction type: Check-out, Patron Barcode: 25109001005065, Item barcode: 35109007447376, Transaction time: 2/25/2025 12:07:17 PM. Item's lastCircTransactionDate is newer than this transaction date. 
PTF_2025022508403739_LEAP-BPL.TRN Error Transaction type: Check-out, Patron Barcode: 25109001005065, Item barcode: 35109007545484, Transaction time: 2/25/2025 12:07:27 PM. Item's lastCircTransactionDate is newer than this transaction date. 
PTF_2025022508403739_LEAP-BPL.TRN Error Transaction type: Check-out, Patron Barcode: 25109002232916, Item barcode: 35109007517913, Transaction time: 2/25/2025 12:07:50 PM. Item's lastCircTransactionDate is newer than this transaction date. 
PTF_2025022508403739_LEAP-BPL.TRN Error Transaction type: Check-out, Patron Barcode: 25109001810902, Item barcode: 35109007342817, Transaction time: 2/25/2025 12:08:24 PM. Item's lastCircTransactionDate is newer than this transaction date. 
PTF_2025022508403739_LEAP-BPL.TRN Error Transaction type: Check-out, Patron Barcode: 25109001755230, Item barcode: 35109007014143, Transaction time: 2/25/2025 12:08:41 PM. Item's lastCircTransactionDate is newer than this transaction date. 
PTF_2025022508403739_LEAP-BPL.TRN Error Transaction type: Check-out, Patron Barcode: 25109001810902, Item barcode: 35109006886228, Transaction time: 2/25/2025 12:08:53 PM. Item's lastCircTransactionDate is newer than this transaction date. 
PTF_2025022508403739_LEAP-BPL.TRN Error Transaction type: Check-out, Patron Barcode: 25109001972827, Item barcode: 35109006238057, Transaction time: 2/25/2025 12:09:55 PM. Item's lastCircTransactionDate is newer than this transaction date. 
PTF_2025022508403739_LEAP-BPL.TRN Error Transaction type: Check-out, Patron Barcode: 25109001765817, Item barcode: 35109006976284, Transaction time: 2/25/2025 12:17:31 PM. Item's lastCircTransactionDate is newer than this transaction date. 
PTF_2025022508403739_LEAP-BPL.TRN Error Transaction type: Check-out, Patron Barcode: 25109001765817, Item barcode: 35109006034977, Transaction time: 2/25/2025 12:17:41 PM. Item's lastCircTransactionDate is newer than this transaction date. 
PTF_2025022508403739_LEAP-BPL.TRN Error Transaction type: Check-out, Patron Barcode: 25109001836741, Item barcode: 35109005442577, Transaction time: 2/25/2025 12:19:13 PM. Item's lastCircTransactionDate is newer than this transaction date. 
PTF_2025022508403739_LEAP-BPL.TRN Error Transaction type: Check-out, Patron Barcode: 25109001826213, Item barcode: 35109004049894, Transaction time: 2/25/2025 12:34:54 PM. Item's lastCircTransactionDate is newer than this transaction date. 
PTF_2025022508403739_LEAP-BPL.TRN Error Transaction type: Check-out, Patron Barcode: 25109001824929, Item barcode: 35109007236621, Transaction time: 2/25/2025 12:46:11 PM. Item's lastCircTransactionDate is newer than this transaction date. 
PTF_2025022508403739_LEAP-BPL.TRN Error Transaction type: Check-out, Patron Barcode: 25109001850213, Item barcode: 35109006962524, Transaction time: 2/25/2025 12:47:38 PM. Item's lastCircTransactionDate is newer than this transaction date. 
PTF_2025022508403739_LEAP-BPL.TRN Error Transaction type: Check-out, Patron Barcode: 25109002467918, Item barcode: 35109007700774, Transaction time: 2/25/2025 12:49:19 PM. Item's lastCircTransactionDate is newer than this transaction date. 
PTF_2025022508403739_LEAP-BPL.TRN Error Transaction type: Check-out, Patron Barcode: 25109002467918, Item barcode: 35109007481805, Transaction time: 2/25/2025 12:49:22 PM. Item's lastCircTransactionDate is newer than this transaction date. 
PTF_2025022508403739_LEAP-BPL.TRN Error Transaction type: Check-out, Patron Barcode: 25109002467918, Item barcode: 35109007389529, Transaction time: 2/25/2025 12:49:26 PM. Item's lastCircTransactionDate is newer than this transaction date. 
PTF_2025022508403739_LEAP-BPL.TRN Error Transaction type: Check-out, Patron Barcode: 25109002229409, Item barcode: 35109007669011, Transaction time: 2/25/2025 12:50:21 PM. Item's lastCircTransactionDate is newer than this transaction date. 
PTF_2025022508403739_LEAP-BPL.TRN Error Transaction type: Check-out, Patron Barcode: 25109002156792, Item barcode: 35109007741943, Transaction time: 2/25/2025 12:54:19 PM. Item's lastCircTransactionDate is newer than this transaction date. 
PTF_2025022508403739_LEAP-BPL.TRN Error Transaction type: Check-out, Patron Barcode: 25109002469815, Item barcode: 35109007478389, Transaction time: 2/25/2025 12:55:30 PM. Item's lastCircTransactionDate is newer than this transaction date. 
PTF_2025022508403739_LEAP-BPL.TRN Error Transaction type: Check-out, Patron Barcode: 25109001826494, Item barcode: 35109007237751, Transaction time: 2/25/2025 1:03:36 PM. Item's lastCircTransactionDate is newer than this transaction date. 
PTF_2025022508403739_LEAP-BPL.TRN Error Transaction type: Check-out, Patron Barcode: 25109001826494, Item barcode: 35109007412669, Transaction time: 2/25/2025 1:03:40 PM. Item's lastCircTransactionDate is newer than this transaction date. 
PTF_2025022508403739_LEAP-BPL.TRN Error Transaction type: Check-out, Patron Barcode: 25109001833524, Item barcode: 35109007724188, Transaction time: 2/25/2025 1:04:14 PM. Item's lastCircTransactionDate is newer than this transaction date. 
PTF_2025022508403739_LEAP-BPL.TRN Error Transaction type: Check-out, Patron Barcode: 25109001833524, Item barcode: 35109006991218, Transaction time: 2/25/2025 1:04:20 PM. Item's lastCircTransactionDate is newer than this transaction date. 
PTF_2025022508403739_LEAP-BPL.TRN Error Transaction type: Check-out, Patron Barcode: 25109001833524, Item barcode: 35109006428864, Transaction time: 2/25/2025 1:04:24 PM. Item's lastCircTransactionDate is newer than this transaction date. 
PTF_2025022508403739_LEAP-BPL.TRN Error Transaction type: Check-out, Patron Barcode: 25109001962802, Item barcode: 35109007747890, Transaction time: 2/25/2025 1:56:21 PM. Item's lastCircTransactionDate is newer than this transaction date. 
PTF_2025022508403739_LEAP-BPL.TRN Error Transaction type: Check-out, Patron Barcode: 25109001962802, Item barcode: 35109006030850, Transaction time: 2/25/2025 1:56:25 PM. Item's lastCircTransactionDate is newer than this transaction date. 
PTF_2025022508403739_LEAP-BPL.TRN Error Transaction type: Check-out, Patron Barcode: 25109001965599, Item barcode: 35109007715848, Transaction time: 2/25/2025 1:56:58 PM. Item's lastCircTransactionDate is newer than this transaction date. 
PTF_2025022508403739_LEAP-BPL.TRN Error Transaction type: Check-out, Patron Barcode: 25109001812775, Item barcode: 35109007715384, Transaction time: 2/25/2025 2:04:13 PM. Item's lastCircTransactionDate is newer than this transaction date. 
PTF_2025022508403739_LEAP-BPL.TRN Error Transaction type: Check-out, Patron Barcode: 25109001812775, Item barcode: 35109007747742, Transaction time: 2/25/2025 2:04:18 PM. Item's lastCircTransactionDate is newer than this transaction date. 
PTF_2025022508403739_LEAP-BPL.TRN Error Transaction type: Check-out, Patron Barcode: 35109005463706, Item barcode: 35109007681081, Transaction time: 2/25/2025 2:10:43 PM. Patron with barcode 35109005463706 does not exist 
PTF_2025022508403739_LEAP-BPL.TRN Error Transaction type: Check-out, Patron Barcode: 25109002229854, Item barcode: 35109005226988, Transaction time: 2/25/2025 2:11:25 PM. Item's lastCircTransactionDate is newer than this transaction date. 
PTF_2025022508403739_LEAP-BPL.TRN Error Transaction type: Check-out, Patron Barcode: 25109002229854, Item barcode: 35109007745068, Transaction time: 2/25/2025 2:11:27 PM. Item's lastCircTransactionDate is newer than this transaction date. 
PTF_2025022508403739_LEAP-BPL.TRN Error Transaction type: Check-out, Patron Barcode: 25109001962091, Item barcode: 35109007721150, Transaction time: 2/25/2025 2:12:26 PM. Item's lastCircTransactionDate is newer than this transaction date. 
PTF_2025022508403739_LEAP-BPL.TRN Error Transaction type: Check-out, Patron Barcode: 25109001859925, Item barcode: 35109007584806, Transaction time: 2/25/2025 2:13:44 PM. Item's lastCircTransactionDate is newer than this transaction date. 
PTF_2025022508403739_LEAP-BPL.TRN Error Transaction type: Check-out, Patron Barcode: 25109002233070, Item barcode: 35109006710873, Transaction time: 2/25/2025 2:18:14 PM. Item's lastCircTransactionDate is newer than this transaction date. 
PTF_2025022508403739_LEAP-BPL.TRN Error Transaction type: Check-out, Patron Barcode: 25109002075919, Item barcode: 35109007696790, Transaction time: 2/25/2025 2:21:09 PM. Item's lastCircTransactionDate is newer than this transaction date. 
PTF_2025022508403739_LEAP-BPL.TRN Error Transaction type: Check-out, Patron Barcode: 25109002075919, Item barcode: 35109003389812, Transaction time: 2/25/2025 2:21:15 PM. Item's lastCircTransactionDate is newer than this transaction date. 
PTF_2025022508403739_LEAP-BPL.TRN Error Transaction type: Check-out, Patron Barcode: 25109001954486, Item barcode: 35109007098369, Transaction time: 2/25/2025 2:35:43 PM. Item's lastCircTransactionDate is newer than this transaction date. 
PTF_2025022508403739_LEAP-BPL.TRN Error Transaction type: Check-out, Patron Barcode: 25109001954486, Item barcode: 35109007097270, Transaction time: 2/25/2025 2:35:46 PM. Item's lastCircTransactionDate is newer than this transaction date. 
PTF_2025022508403739_LEAP-BPL.TRN Error Transaction type: Check-out, Patron Barcode: 25109001954486, Item barcode: 35109006489122, Transaction time: 2/25/2025 2:35:51 PM. Item's lastCircTransactionDate is newer than this transaction date. 
PTF_2025022508403739_LEAP-BPL.TRN Error Transaction type: Check-out, Patron Barcode: 25109002119006, Item barcode: 35109007326851, Transaction time: 2/25/2025 2:47:37 PM. Item's lastCircTransactionDate is newer than this transaction date. 
PTF_2025022508403739_LEAP-BPL.TRN Error Transaction type: Check-out, Patron Barcode: 25109002084333, Item barcode: 35109007071176, Transaction time: 2/25/2025 2:53:49 PM. Patron with barcode 25109002084333 does not exist 
PTF_2025022508403739_LEAP-BPL.TRN Error Transaction type: Check-out, Patron Barcode: 25109002084333, Item barcode: 35109005012024, Transaction time: 2/25/2025 2:53:56 PM. Patron with barcode 25109002084333 does not exist 
PTF_2025022508403739_LEAP-BPL.TRN Error Transaction type: Check-out, Patron Barcode: 25109002084333, Item barcode: 35109005055619, Transaction time: 2/25/2025 2:54:05 PM. Patron with barcode 25109002084333 does not exist 
PTF_2025022508403739_LEAP-BPL.TRN Error Transaction type: Check-out, Patron Barcode: 25109002084333, Item barcode: 35109004619951, Transaction time: 2/25/2025 2:54:30 PM. Patron with barcode 25109002084333 does not exist 
PTF_2025022508403739_LEAP-BPL.TRN Error Transaction type: Check-out, Patron Barcode: 25109001843531, Item barcode: 35109007104712, Transaction time: 2/25/2025 3:01:09 PM. Item's lastCircTransactionDate is newer than this transaction date. 
PTF_2025022508403739_LEAP-BPL.TRN Error Transaction type: Check-out, Patron Barcode: 35109007463399, Item barcode: 35109007451519, Transaction time: 2/25/2025 3:06:01 PM. Patron with barcode 35109007463399 does not exist 
PTF_2025022508403739_LEAP-BPL.TRN Error Transaction type: Check-out, Patron Barcode: 25109001952282, Item barcode: 35109007525445, Transaction time: 2/25/2025 3:24:28 PM. Item's lastCircTransactionDate is newer than this transaction date. 
PTF_2025022508403739_LEAP-BPL.TRN Error Transaction type: Check-out, Patron Barcode: 25109001952282, Item barcode: 35109007742917, Transaction time: 2/25/2025 3:24:29 PM. Item's lastCircTransactionDate is newer than this transaction date. 
PTF_2025022508403739_LEAP-BPL.TRN Error Transaction type: Check-out, Patron Barcode: 25109001788744, Item barcode: 35109005969710, Transaction time: 2/25/2025 3:30:38 PM. Item's lastCircTransactionDate is newer than this transaction date. 
PTF_2025022508403739_LEAP-BPL.TRN Error Transaction type: Check-out, Patron Barcode: 25109001788744, Item barcode: 35109006181109, Transaction time: 2/25/2025 3:30:48 PM. Item's lastCircTransactionDate is newer than this transaction date. 
PTF_2025022508403739_LEAP-BPL.TRN Error Transaction type: Check-out, Patron Barcode: 25109001788744, Item barcode: 35109007477316, Transaction time: 2/25/2025 3:31:07 PM. Item's lastCircTransactionDate is newer than this transaction date. 
PTF_2025022508403739_LEAP-BPL.TRN Error Transaction type: Check-out, Patron Barcode: 25109001788744, Item barcode: 35109007366139, Transaction time: 2/25/2025 3:31:13 PM. Item's lastCircTransactionDate is newer than this transaction date. 
PTF_2025022508403739_LEAP-BPL.TRN Error Transaction type: Check-out, Patron Barcode: 25109001788744, Item barcode: 35109005386956, Transaction time: 2/25/2025 3:31:41 PM. Item's lastCircTransactionDate is newer than this transaction date. 
PTF_2025022508403739_LEAP-BPL.TRN Error Transaction type: Check-out, Patron Barcode: 25109001788744, Item barcode: 35109007441007, Transaction time: 2/25/2025 3:31:57 PM. Item's lastCircTransactionDate is newer than this transaction date. 
PTF_2025022508403739_LEAP-BPL.TRN Error Transaction type: Check-out, Patron Barcode: 25109001788744, Item barcode: 35109007702143, Transaction time: 2/25/2025 3:32:04 PM. Item's lastCircTransactionDate is newer than this transaction date. 
PTF_2025022508403739_LEAP-BPL.TRN Error Transaction type: Check-out, Patron Barcode: 25109001788744, Item barcode: 35109005991557, Transaction time: 2/25/2025 3:32:11 PM. Item's lastCircTransactionDate is newer than this transaction date. 
PTF_2025022508403739_LEAP-BPL.TRN Error Transaction type: Check-out, Patron Barcode: 25109001991967, Item barcode: 35109007609488, Transaction time: 2/25/2025 3:44:58 PM. Item's lastCircTransactionDate is newer than this transaction date. 
PTF_2025022508403739_LEAP-BPL.TRN Error Transaction type: Check-out, Patron Barcode: 25109001991967, Item barcode: 35109007625252, Transaction time: 2/25/2025 3:48:21 PM. Item's lastCircTransactionDate is newer than this transaction date. 
PTF_2025022508403739_LEAP-BPL.TRN Error Transaction type: Check-out, Patron Barcode: 25109001991967, Item barcode: 35109007696972, Transaction time: 2/25/2025 3:48:24 PM. Item's lastCircTransactionDate is newer than this transaction date. 
PTF_2025022508403739_LEAP-BPL.TRN Error Transaction type: Check-out, Patron Barcode: 25109001970102, Item barcode: 35109007749201, Transaction time: 2/25/2025 3:48:56 PM. Item's lastCircTransactionDate is newer than this transaction date. 
PTF_2025022508403739_LEAP-BPL.TRN Error Transaction type: Check-out, Patron Barcode: 25109001792415, Item barcode: 35109006777989, Transaction time: 2/25/2025 3:49:15 PM. Item's lastCircTransactionDate is newer than this transaction date. 
PTF_2025022508403739_LEAP-BPL.TRN Error Transaction type: Check-out, Patron Barcode: 25109001799204, Item barcode: 35109006995813, Transaction time: 2/25/2025 3:49:53 PM. Item's lastCircTransactionDate is newer than this transaction date. 
PTF_2025022508403739_LEAP-BPL.TRN Error Transaction type: Check-out, Patron Barcode: 25109001948637, Item barcode: 35109007690389, Transaction time: 2/25/2025 3:50:27 PM. Item's lastCircTransactionDate is newer than this transaction date. 
PTF_2025022508403739_LEAP-BPL.TRN Error Transaction type: Check-out, Patron Barcode: 25109001668151, Item barcode: 35109006141046, Transaction time: 2/25/2025 3:51:50 PM. Item's lastCircTransactionDate is newer than this transaction date. 
PTF_2025022508403739_LEAP-BPL.TRN Error Transaction type: Check-out, Patron Barcode: 25109001954676, Item barcode: 35109007156233, Transaction time: 2/25/2025 3:52:24 PM. Item's lastCircTransactionDate is newer than this transaction date. 
PTF_2025022508403739_LEAP-BPL.TRN Error Transaction type: Check-out, Patron Barcode: 25109002005361, Item barcode: 35109007121351, Transaction time: 2/25/2025 4:02:12 PM. Item's lastCircTransactionDate is newer than this transaction date. 
PTF_2025022508403739_LEAP-BPL.TRN Error Transaction type: Check-out, Patron Barcode: 25109002005361, Item barcode: 35109007512617, Transaction time: 2/25/2025 4:02:14 PM. Item's lastCircTransactionDate is newer than this transaction date. 
PTF_2025022508403739_LEAP-BPL.TRN Error Transaction type: Check-out, Patron Barcode: 25109002005361, Item barcode: 35109007176140, Transaction time: 2/25/2025 4:02:16 PM. Item's lastCircTransactionDate is newer than this transaction date. 
PTF_2025022508403739_LEAP-BPL.TRN Error Transaction type: Check-out, Patron Barcode: 25109002234268, Item barcode: 35109001982790, Transaction time: 2/25/2025 4:03:01 PM. Item's lastCircTransactionDate is newer than this transaction date. 
PTF_2025022508403739_LEAP-BPL.TRN Error Transaction type: Check-out, Patron Barcode: 25109002005361, Item barcode: 35109004058051, Transaction time: 2/25/2025 4:10:59 PM. Item's lastCircTransactionDate is newer than this transaction date. 
PTF_2025022508403739_LEAP-BPL.TRN Error Transaction type: Check-out, Patron Barcode: 25109001822048, Item barcode: 35109007193129, Transaction time: 2/25/2025 4:11:32 PM. Item's lastCircTransactionDate is newer than this transaction date. 
PTF_2025022508403739_LEAP-BPL.TRN Error Transaction type: Check-out, Patron Barcode: 35109005012891, Item barcode: 35109006574121, Transaction time: 2/25/2025 4:15:31 PM. Patron with barcode 35109005012891 does not exist 
PTF_2025022508403739_LEAP-BPL.TRN Error Transaction type: Check-out, Patron Barcode: 35109005012891, Item barcode: 35109005121635, Transaction time: 2/25/2025 4:15:33 PM. Patron with barcode 35109005012891 does not exist 
PTF_2025022508403739_LEAP-BPL.TRN Error Transaction type: Check-out, Patron Barcode: 25109001739994, Item barcode: 35109005926587, Transaction time: 2/25/2025 4:15:48 PM. Item's lastCircTransactionDate is newer than this transaction date. 
PTF_2025022508403739_LEAP-BPL.TRN Error Transaction type: Check-out, Patron Barcode: 25109001995638, Item barcode: 35109006069023, Transaction time: 2/25/2025 4:26:29 PM. Item's lastCircTransactionDate is newer than this transaction date. 
PTF_2025022508403739_LEAP-BPL.TRN Error Transaction type: Check-out, Patron Barcode: 25109001811637, Item barcode: 35109007122755, Transaction time: 2/25/2025 4:28:50 PM. Item's lastCircTransactionDate is newer than this transaction date. 
PTF_2025022508403739_LEAP-BPL.TRN Error Transaction type: Check-out, Patron Barcode: 25109001995638, Item barcode: 35109006703647, Transaction time: 2/25/2025 4:35:12 PM. Item's lastCircTransactionDate is newer than this transaction date. 
PTF_2025022508403739_LEAP-BPL.TRN Error Transaction type: Check-out, Patron Barcode: 25109001807502, Item barcode: 35109001584315, Transaction time: 2/25/2025 4:35:41 PM. Item's lastCircTransactionDate is newer than this transaction date. 
PTF_2025022508403739_LEAP-BPL.TRN Error Transaction type: Check-out, Patron Barcode: 25109001951094, Item barcode: 35109002153888, Transaction time: 2/25/2025 4:45:58 PM. Item's lastCircTransactionDate is newer than this transaction date. 
PTF_2025022508403739_LEAP-BPL.TRN Error Transaction type: Check-out, Patron Barcode: 25109001951094, Item barcode: 35109007020892, Transaction time: 2/25/2025 4:46:05 PM. Item's lastCircTransactionDate is newer than this transaction date. 
PTF_2025022508403739_LEAP-BPL.TRN Error Transaction type: Check-out, Patron Barcode: 25109001991967, Item barcode: 35109004560981, Transaction time: 2/25/2025 4:54:51 PM. Item's lastCircTransactionDate is newer than this transaction date. 
PTF_2025022508403739_LEAP-BPL.TRN Error Transaction type: Check-out, Patron Barcode: 25109001789957, Item barcode: 35109007532706, Transaction time: 2/25/2025 4:54:57 PM. Item's lastCircTransactionDate is newer than this transaction date. 
PTF_2025022508403739_LEAP-BPL.TRN Error Transaction type: Check-out, Patron Barcode: 25109001823996, Item barcode: 35109005768047, Transaction time: 2/25/2025 4:54:58 PM. Item's lastCircTransactionDate is newer than this transaction date. 
PTF_2025022508403739_LEAP-BPL.TRN Error Transaction type: Check-out, Patron Barcode: 25109001789957, Item barcode: 35109007180027, Transaction time: 2/25/2025 4:55:02 PM. Item's lastCircTransactionDate is newer than this transaction date. 
PTF_2025022508403739_LEAP-BPL.TRN Error Transaction type: Check-out, Patron Barcode: 25109002158707, Item barcode: 35109007736984, Transaction time: 2/25/2025 5:03:07 PM. Item's lastCircTransactionDate is newer than this transaction date. 
PTF_2025022508403739_LEAP-BPL.TRN Error Transaction type: Check-out, Patron Barcode: 25109002158707, Item barcode: 35109007710252, Transaction time: 2/25/2025 5:03:22 PM. Item's lastCircTransactionDate is newer than this transaction date. 
PTF_2025022508403739_LEAP-BPL.TRN Error Transaction type: Check-out, Patron Barcode: 25109002229359, Item barcode: 35109007741836, Transaction time: 2/25/2025 5:21:07 PM. Item's lastCircTransactionDate is newer than this transaction date. 
PTF_2025022508403739_LEAP-BPL.TRN Error Transaction type: Check-out, Patron Barcode: 25109002155091, Item barcode: 35109006786154, Transaction time: 2/25/2025 5:47:19 PM. Item's lastCircTransactionDate is newer than this transaction date. 
PTF_2025022508403739_LEAP-BPL.TRN Error Transaction type: Check-out, Patron Barcode: 25109002155091, Item barcode: 35109007161134, Transaction time: 2/25/2025 5:47:24 PM. Item's lastCircTransactionDate is newer than this transaction date. 
PTF_2025022508403739_LEAP-BPL.TRN Error Transaction type: Check-out, Patron Barcode: 25109001868645, Item barcode: 35109006514309, Transaction time: 2/25/2025 7:07:38 PM. Item's lastCircTransactionDate is newer than this transaction date. 
PTF_2025022508403739_LEAP-BPL.TRN Error Transaction type: Check-out, Patron Barcode: 25109001812601, Item barcode: 35109007013434, Transaction time: 2/25/2025 7:29:53 PM. Item's lastCircTransactionDate is newer than this transaction date. 
PTF_2025022508403739_LEAP-BPL.TRN Error Transaction type: Check-out, Patron Barcode: 25109001812601, Item barcode: 35109007755414, Transaction time: 2/25/2025 7:29:56 PM. Item's lastCircTransactionDate is newer than this transaction date. 
PTF_2025022508403739_LEAP-BPL.TRN Error Transaction type: Check-out, Patron Barcode: 25109001812601, Item barcode: 35109005634702, Transaction time: 2/25/2025 7:30:03 PM. Item's lastCircTransactionDate is newer than this transaction date. 
PTF_2025022508403739_LEAP-BPL.TRN Error Transaction type: Check-out, Patron Barcode: 25109001812601, Item barcode: 35109005281413, Transaction time: 2/25/2025 7:30:14 PM. Item's lastCircTransactionDate is newer than this transaction date. 
PTF_2025022508403739_LEAP-BPL.TRN Error Transaction type: Check-out, Patron Barcode: 25109001812601, Item barcode: 35109007158924, Transaction time: 2/25/2025 7:30:19 PM. Item's lastCircTransactionDate is newer than this transaction date. 
PTF_2025022508403739_LEAP-BPL.TRN Error Transaction type: Check-out, Patron Barcode: 25109001812601, Item barcode: 35109006777005, Transaction time: 2/25/2025 7:30:57 PM. Item's lastCircTransactionDate is newer than this transaction date. 
PTF_2025022508403739_LEAP-BPL.TRN Error Transaction type: Check-out, Patron Barcode: 25109001812601, Item barcode: 35109003240122, Transaction time: 2/25/2025 7:31:09 PM. Item's lastCircTransactionDate is newer than this transaction date. 
PTF_2025022608101899_LEAP-BPL.TRN Error Transaction type: Check-out, Patron Barcode: 25109001838945, Item barcode: 35109007751579, Transaction time: 2/26/2025 10:19:50 AM. Item's lastCircTransactionDate is newer than this transaction date. 
PTF_2025022608101899_LEAP-BPL.TRN Error Transaction type: Check-out, Patron Barcode: 25109001838945, Item barcode: 35109007750910, Transaction time: 2/26/2025 10:19:56 AM. Item's lastCircTransactionDate is newer than this transaction date. 
PTF_2025022608101899_LEAP-BPL.TRN Error Transaction type: Check-out, Patron Barcode: 25109001835263, Item barcode: 35109005771462, Transaction time: 2/26/2025 10:23:22 AM. Item's lastCircTransactionDate is newer than this transaction date. 
PTF_2025022608101899_LEAP-BPL.TRN Error Transaction type: Check-out, Patron Barcode: 25109001988245, Item barcode: 35109006650392, Transaction time: 2/26/2025 10:36:43 AM. Item's lastCircTransactionDate is newer than this transaction date. 
PTF_2025022608101899_LEAP-BPL.TRN Error Transaction type: Check-out, Patron Barcode: 25109001988245, Item barcode: 35109007755869, Transaction time: 2/26/2025 10:36:47 AM. Item's lastCircTransactionDate is newer than this transaction date. 
PTF_2025022608101899_LEAP-BPL.TRN Error Transaction type: Check-out, Patron Barcode: 25109001999192, Item barcode: 35109007169780, Transaction time: 2/26/2025 10:56:09 AM. Item's lastCircTransactionDate is newer than this transaction date. 
PTF_2025022608101899_LEAP-BPL.TRN Error Transaction type: Check-out, Patron Barcode: 25109001705557, Item barcode: 35109007731373, Transaction time: 2/26/2025 11:00:33 AM. Item's lastCircTransactionDate is newer than this transaction date. 
PTF_2025022608101899_LEAP-BPL.TRN Error Transaction type: Check-out, Patron Barcode: 25109000263442, Item barcode: 35109007724246, Transaction time: 2/26/2025 11:12:43 AM. Item's lastCircTransactionDate is newer than this transaction date. 
PTF_2025022608101899_LEAP-BPL.TRN Error Transaction type: Check-out, Patron Barcode: 25109001819614, Item barcode: 35109002096038, Transaction time: 2/26/2025 11:23:42 AM. Item's lastCircTransactionDate is newer than this transaction date. 
PTF_2025022608101899_LEAP-BPL.TRN Error Transaction type: Check-out, Patron Barcode: 25109001686682, Item barcode: 435109001123858, Transaction time: 2/26/2025 11:43:16 AM. No matching item record was found. Check the item barcode. 
PTF_2025022608101899_LEAP-BPL.TRN Error Transaction type: Check-out, Patron Barcode: 25109002016715, Item barcode: 35109007428012, Transaction time: 2/26/2025 1:13:58 PM. Item's lastCircTransactionDate is newer than this transaction date. 
PTF_2025022608101899_LEAP-BPL.TRN Error Transaction type: Check-out, Patron Barcode: 25109002016715, Item barcode: 35109007653254, Transaction time: 2/26/2025 1:14:05 PM. Item's lastCircTransactionDate is newer than this transaction date. 
PTF_2025022608101899_LEAP-BPL.TRN Error Transaction type: Check-out, Patron Barcode: 25109000093906, Item barcode: 35109006402554, Transaction time: 2/26/2025 1:18:54 PM. Item's lastCircTransactionDate is newer than this transaction date. 
PTF_2025022608101899_LEAP-BPL.TRN Error Transaction type: Check-out, Patron Barcode: 25109002468973, Item barcode: 35109003029467, Transaction time: 2/26/2025 2:23:47 PM. Item's lastCircTransactionDate is newer than this transaction date. 
PTF_2025022608101899_LEAP-BPL.TRN Error Transaction type: Check-out, Patron Barcode: 25109001962802, Item barcode: 35109007173238, Transaction time: 2/26/2025 2:25:11 PM. Item's lastCircTransactionDate is newer than this transaction date. 
PTF_2025022608101899_LEAP-BPL.TRN Error Transaction type: Check-out, Patron Barcode: 25109001962802, Item barcode: 35109005820921, Transaction time: 2/26/2025 2:25:19 PM. Item's lastCircTransactionDate is newer than this transaction date. 
PTF_2025022608101899_LEAP-BPL.TRN Error Transaction type: Check-out, Patron Barcode: 25109001965599, Item barcode: 35109005246655, Transaction time: 2/26/2025 2:44:40 PM. Item's lastCircTransactionDate is newer than this transaction date. 
PTF_2025022608101899_LEAP-BPL.TRN Error Transaction type: Check-out, Patron Barcode: 25109001718766, Item barcode: 35109007142779, Transaction time: 2/26/2025 2:45:36 PM. Item's lastCircTransactionDate is newer than this transaction date. 
PTF_2025022608101899_LEAP-BPL.TRN Error Transaction type: Check-out, Patron Barcode: 25109001718766, Item barcode: 35109006582447, Transaction time: 2/26/2025 2:45:46 PM. Item's lastCircTransactionDate is newer than this transaction date. 
PTF_2025022608101899_LEAP-BPL.TRN Error Transaction type: Check-out, Patron Barcode: 25109001587690, Item barcode: 35109005272396, Transaction time: 2/26/2025 5:28:47 PM. Item's lastCircTransactionDate is newer than this transaction date. 
PTF_2025022612075741_LEAP-BPL.TRN Error Transaction type: Check-out, Patron Barcode: 25109001804947, Item barcode: 35109006546327, Transaction time: 2/26/2025 10:25:59 AM. Item's lastCircTransactionDate is newer than this transaction date. 
PTF_2025022612075741_LEAP-BPL.TRN Error Transaction type: Check-out, Patron Barcode: 25109001804947, Item barcode: 35109006042335, Transaction time: 2/26/2025 10:26:03 AM. Item's lastCircTransactionDate is newer than this transaction date. 
PTF_2025022612075741_LEAP-BPL.TRN Error Transaction type: Check-out, Patron Barcode: 25109001869999, Item barcode: 35109007755273, Transaction time: 2/26/2025 1:41:56 PM. Item's lastCircTransactionDate is newer than this transaction date. 
PTF_2025022612075741_LEAP-BPL.TRN Error Transaction type: Check-out, Patron Barcode: 25109002096089, Item barcode: 35109003884234, Transaction time: 2/26/2025 2:58:58 PM. Item's lastCircTransactionDate is newer than this transaction date. 
PTF_2025022612075741_LEAP-BPL.TRN Error Transaction type: Check-out, Patron Barcode: 25109001805993, Item barcode: 35109007666660, Transaction time: 2/26/2025 3:14:28 PM. Item's lastCircTransactionDate is newer than this transaction date. 
PTF_2025022612075741_LEAP-BPL.TRN Error Transaction type: Check-out, Patron Barcode: 25109001811637, Item barcode: 35109007519935, Transaction time: 2/26/2025 4:01:24 PM. Item's lastCircTransactionDate is newer than this transaction date. 
PTF_2025022612075741_LEAP-BPL.TRN Error Transaction type: Check-out, Patron Barcode: 25109001812882, Item barcode: 35109007592205, Transaction time: 2/26/2025 4:16:49 PM. Item's lastCircTransactionDate is newer than this transaction date. 
PTF_2025022612075741_LEAP-BPL.TRN Error Transaction type: Check-out, Patron Barcode: 25109001812882, Item barcode: 35109006412447, Transaction time: 2/26/2025 4:16:58 PM. Item's lastCircTransactionDate is newer than this transaction date. 
PTF_2025022612075741_LEAP-BPL.TRN Error Transaction type: Check-out, Patron Barcode: 25109001812882, Item barcode: 35109007094590, Transaction time: 2/26/2025 4:17:20 PM. Item's lastCircTransactionDate is newer than this transaction date. 
PTF_2025022612075741_LEAP-BPL.TRN Error Transaction type: Check-out, Patron Barcode: 25109001812882, Item barcode: 35109007241092, Transaction time: 2/26/2025 4:17:27 PM. Item's lastCircTransactionDate is newer than this transaction date. 
PTF_2025022612075741_LEAP-BPL.TRN Error Transaction type: Check-out, Patron Barcode: 25109000573014, Item barcode: 35109006757767, Transaction time: 2/26/2025 8:00:42 PM. Item's lastCircTransactionDate is newer than this transaction date. 
PTF_2025022708325868_LEAP-BPL.TRN Error Transaction type: Check-out, Patron Barcode: 25109001437052, Item barcode: 35109007682915, Transaction time: 2/27/2025 10:14:19 AM. Item's lastCircTransactionDate is newer than this transaction date. 
PTF_2025022708325868_LEAP-BPL.TRN Error Transaction type: Check-out, Patron Barcode: 25109002470052, Item barcode: 35109007494337, Transaction time: 2/27/2025 10:24:24 AM. Item's lastCircTransactionDate is newer than this transaction date. 
PTF_2025022708325868_LEAP-BPL.TRN Error Transaction type: Check-out, Patron Barcode: 25109002470052, Item barcode: 35109006770943, Transaction time: 2/27/2025 10:24:31 AM. Item's lastCircTransactionDate is newer than this transaction date. 
PTF_2025022708325868_LEAP-BPL.TRN Error Transaction type: Check-out, Patron Barcode: 25109001405935, Item barcode: 35109007104118, Transaction time: 2/27/2025 10:26:11 AM. Item's lastCircTransactionDate is newer than this transaction date. 
PTF_2025022708325868_LEAP-BPL.TRN Error Transaction type: Check-out, Patron Barcode: 25109000303131, Item barcode: 35109007730243, Transaction time: 2/27/2025 10:47:40 AM. Item's lastCircTransactionDate is newer than this transaction date. 
PTF_2025022708325868_LEAP-BPL.TRN Error Transaction type: Check-out, Patron Barcode: 25109001767144, Item barcode: 35109007512864, Transaction time: 2/27/2025 10:52:54 AM. Item's lastCircTransactionDate is newer than this transaction date. 
PTF_2025022708325868_LEAP-BPL.TRN Error Transaction type: Check-out, Patron Barcode: 25109001863828, Item barcode: 35109007562331, Transaction time: 2/27/2025 12:28:41 PM. Item's lastCircTransactionDate is newer than this transaction date. 
PTF_2025022708325868_LEAP-BPL.TRN Error Transaction type: Check-out, Patron Barcode: 25109001975416, Item barcode: 35109007579723, Transaction time: 2/27/2025 4:41:51 PM. Item's lastCircTransactionDate is newer than this transaction date. 
PTF_2025022708325868_LEAP-BPL.TRN Error Transaction type: Check-out, Patron Barcode: 25109001556133, Item barcode: 35109004675490, Transaction time: 2/27/2025 4:47:11 PM. Item's lastCircTransactionDate is newer than this transaction date. 
PTF_2025022807575295_LEAP-BPL.TRN Error Transaction type: Check-out, Patron Barcode: 25109001912484, Item barcode: 35109007487497, Transaction time: 2/28/2025 11:45:06 AM. Item's lastCircTransactionDate is newer than this transaction date. 
PTF_2025022807575295_LEAP-BPL.TRN Error Transaction type: Check-out, Patron Barcode: 25109002044063, Item barcode: 35109007103268, Transaction time: 2/28/2025 11:51:23 AM. Item's lastCircTransactionDate is newer than this transaction date. 
PTF_2025022807575295_LEAP-BPL.TRN Error Transaction type: Check-out, Patron Barcode: 25109002044063, Item barcode: 35109005998842, Transaction time: 2/28/2025 11:51:25 AM. Item's lastCircTransactionDate is newer than this transaction date. 
PTF_2025022807575295_LEAP-BPL.TRN Error Transaction type: Check-out, Patron Barcode: 25109002044063, Item barcode: 35109007471418, Transaction time: 2/28/2025 11:51:28 AM. Item's lastCircTransactionDate is newer than this transaction date. 
PTF_2025022807575295_LEAP-BPL.TRN Error Transaction type: Check-out, Patron Barcode: 25109001742675, Item barcode: 35109007233529, Transaction time: 2/28/2025 1:53:55 PM. Item's lastCircTransactionDate is newer than this transaction date. 
PTF_2025022807575295_LEAP-BPL.TRN Error Transaction type: Check-out, Patron Barcode: 25109001147958, Item barcode: 35109006326571, Transaction time: 2/28/2025 2:26:10 PM. Item's lastCircTransactionDate is newer than this transaction date. 
PTF_2025022807575295_LEAP-BPL.TRN Error Transaction type: Check-out, Patron Barcode: 25109002470797, Item barcode: 35109007408766, Transaction time: 2/28/2025 2:30:42 PM. Item's lastCircTransactionDate is newer than this transaction date. 
PTF_2025022807575295_LEAP-BPL.TRN Error Transaction type: Check-out, Patron Barcode: 25109002470797, Item barcode: 35109007378977, Transaction time: 2/28/2025 2:30:51 PM. Item's lastCircTransactionDate is newer than this transaction date. 
PTF_2025022807575295_LEAP-BPL.TRN Error Transaction type: Check-out, Patron Barcode: 25109001752039, Item barcode: 35109001361714, Transaction time: 2/28/2025 2:51:10 PM. Item's lastCircTransactionDate is newer than this transaction date. 
PTF_2025022807575295_LEAP-BPL.TRN Error Transaction type: Check-out, Patron Barcode: 25109001780345, Item barcode: 35109007486010, Transaction time: 2/28/2025 4:19:20 PM. Item's lastCircTransactionDate is newer than this transaction date. 
PTF_2025022807575295_LEAP-BPL.TRN Error Transaction type: Check-out, Patron Barcode: 25109001959402, Item barcode: 35109006194987, Transaction time: 2/28/2025 4:26:40 PM. Item's lastCircTransactionDate is newer than this transaction date. 
PTF_2025022807575295_LEAP-BPL.TRN Error Transaction type: Check-out, Patron Barcode: 25109001857812, Item barcode: 35109001960457, Transaction time: 2/28/2025 4:33:31 PM. Item's lastCircTransactionDate is newer than this transaction date. 
PTF_2025022808210881_LEAP-BPL.TRN Error Transaction type: Check-out, Patron Barcode: 25109001870138, Item barcode: 35109006204182, Transaction time: 2/28/2025 10:15:51 AM. Item's lastCircTransactionDate is newer than this transaction date. 
PTF_2025022808210881_LEAP-BPL.TRN Error Transaction type: Check-out, Patron Barcode: 25109001870807, Item barcode: 35109007578287, Transaction time: 2/28/2025 10:17:39 AM. Item's lastCircTransactionDate is newer than this transaction date. 
PTF_2025022808210881_LEAP-BPL.TRN Error Transaction type: Check-out, Patron Barcode: 25109002235018, Item barcode: 35109007388463, Transaction time: 2/28/2025 10:38:35 AM. Item's lastCircTransactionDate is newer than this transaction date. 
PTF_2025022808210881_LEAP-BPL.TRN Error Transaction type: Check-out, Patron Barcode: 25109001127398, Item barcode: 35109007350208, Transaction time: 2/28/2025 10:46:32 AM. Item's lastCircTransactionDate is newer than this transaction date. 
PTF_2025022808210881_LEAP-BPL.TRN Error Transaction type: Check-out, Patron Barcode: 25109002022473, Item barcode: 35109007522475, Transaction time: 2/28/2025 10:56:01 AM. Item's lastCircTransactionDate is newer than this transaction date. 
PTF_2025022808210881_LEAP-BPL.TRN Error Transaction type: Check-out, Patron Barcode: 25109000671008, Item barcode: 35109007449893, Transaction time: 2/28/2025 10:56:05 AM. Item's lastCircTransactionDate is newer than this transaction date. 
PTF_2025022808210881_LEAP-BPL.TRN Error Transaction type: Check-out, Patron Barcode: 25109001743327, Item barcode: 35109007293614, Transaction time: 2/28/2025 11:01:18 AM. Item's lastCircTransactionDate is newer than this transaction date. 
PTF_2025022808210881_LEAP-BPL.TRN Error Transaction type: Check-out, Patron Barcode: 25109000339309, Item barcode: 35109001596095, Transaction time: 2/28/2025 11:09:03 AM. Item's lastCircTransactionDate is newer than this transaction date. 
PTF_2025022808210881_LEAP-BPL.TRN Error Transaction type: Check-out, Patron Barcode: 25109001968700, Item barcode: 35109007692591, Transaction time: 2/28/2025 12:13:14 PM. Item's lastCircTransactionDate is newer than this transaction date. 
PTF_2025022808210881_LEAP-BPL.TRN Error Transaction type: Check-out, Patron Barcode: 25109001968700, Item barcode: 35109007520081, Transaction time: 2/28/2025 12:13:21 PM. Item's lastCircTransactionDate is newer than this transaction date. 
PTF_2025022808210881_LEAP-BPL.TRN Error Transaction type: Check-out, Patron Barcode: 25109001986645, Item barcode: 35109007633462, Transaction time: 2/28/2025 1:05:02 PM. Item's lastCircTransactionDate is newer than this transaction date. 
PTF_2025022808210881_LEAP-BPL.TRN Error Transaction type: Check-out, Patron Barcode: 25109001856012, Item barcode: 35109007219833, Transaction time: 2/28/2025 1:31:51 PM. Item's lastCircTransactionDate is newer than this transaction date. 
PTF_2025022808210881_LEAP-BPL.TRN Error Transaction type: Check-out, Patron Barcode: 25109001747237, Item barcode: 35109007730037, Transaction time: 2/28/2025 1:52:57 PM. Item's lastCircTransactionDate is newer than this transaction date. 
PTF_2025022808210881_LEAP-BPL.TRN Error Transaction type: Check-out, Patron Barcode: 25109001747237, Item barcode: 35109007742099, Transaction time: 2/28/2025 1:53:03 PM. Item's lastCircTransactionDate is newer than this transaction date. 
PTF_2025022808210881_LEAP-BPL.TRN Error Transaction type: Check-out, Patron Barcode: 25109001991298, Item barcode: 35109006075632, Transaction time: 2/28/2025 1:58:10 PM. Item's lastCircTransactionDate is newer than this transaction date. 
PTF_2025022808210881_LEAP-BPL.TRN Error Transaction type: Check-out, Patron Barcode: 25109001770403, Item barcode: 35109006560286, Transaction time: 2/28/2025 1:59:56 PM. Item's lastCircTransactionDate is newer than this transaction date. 
PTF_2025022808210881_LEAP-BPL.TRN Error Transaction type: Check-out, Patron Barcode: 25109001770403, Item barcode: 35109007335928, Transaction time: 2/28/2025 2:00:01 PM. Item's lastCircTransactionDate is newer than this transaction date. 
PTF_2025022808210881_LEAP-BPL.TRN Error Transaction type: Check-out, Patron Barcode: 25109001768464, Item barcode: 35109007266339, Transaction time: 2/28/2025 2:06:13 PM. Item's lastCircTransactionDate is newer than this transaction date. 
PTF_2025022808210881_LEAP-BPL.TRN Error Transaction type: Check-out, Patron Barcode: 25109002233047, Item barcode: 35109007575986, Transaction time: 2/28/2025 2:16:34 PM. Item's lastCircTransactionDate is newer than this transaction date. 
PTF_2025022808210881_LEAP-BPL.TRN Error Transaction type: Check-out, Patron Barcode: 25109001839158, Item barcode: 35109006721193, Transaction time: 2/28/2025 2:52:01 PM. Item's lastCircTransactionDate is newer than this transaction date. 
PTF_2025022808210881_LEAP-BPL.TRN Error Transaction type: Check-out, Patron Barcode: 25109001839158, Item barcode: 35109005688286, Transaction time: 2/28/2025 2:52:03 PM. Item's lastCircTransactionDate is newer than this transaction date. 
PTF_2025022808210881_LEAP-BPL.TRN Error Transaction type: Check-out, Patron Barcode: 25109000828830, Item barcode: 35109007261942, Transaction time: 2/28/2025 2:52:50 PM. Item's lastCircTransactionDate is newer than this transaction date. 
PTF_2025022808210881_LEAP-BPL.TRN Error Transaction type: Check-out, Patron Barcode: 25109001758416, Item barcode: 35109007492794, Transaction time: 2/28/2025 2:59:20 PM. Item's lastCircTransactionDate is newer than this transaction date. 
PTF_2025022808210881_LEAP-BPL.TRN Error Transaction type: Check-out, Patron Barcode: 25109001758416, Item barcode: 35109007554429, Transaction time: 2/28/2025 2:59:23 PM. Item's lastCircTransactionDate is newer than this transaction date. 
PTF_2025022808210881_LEAP-BPL.TRN Error Transaction type: Check-out, Patron Barcode: 25109001869270, Item barcode: 35109007318346, Transaction time: 2/28/2025 3:00:40 PM. Item's lastCircTransactionDate is newer than this transaction date. 
PTF_2025022808210881_LEAP-BPL.TRN Error Transaction type: Check-out, Patron Barcode: 25109001812015, Item barcode: 35109007428079, Transaction time: 2/28/2025 3:07:06 PM. Item's lastCircTransactionDate is newer than this transaction date. 
PTF_2025022808210881_LEAP-BPL.TRN Error Transaction type: Check-out, Patron Barcode: 25109001068436, Item barcode: 35109005357171, Transaction time: 2/28/2025 3:37:19 PM. Item's lastCircTransactionDate is newer than this transaction date. 
PTF_2025022808210881_LEAP-BPL.TRN Error Transaction type: Check-out, Patron Barcode: 25109001863497, Item barcode: 35109006817231, Transaction time: 2/28/2025 3:51:11 PM. Item's lastCircTransactionDate is newer than this transaction date. 
PTF_2025022808210881_LEAP-BPL.TRN Error Transaction type: Check-out, Patron Barcode: 25109001835446, Item barcode: 35109007236852, Transaction time: 2/28/2025 6:43:22 PM. Item's lastCircTransactionDate is newer than this transaction date. 
PTF_2025030109530960_LEAP-BPL.TRN Error Transaction type: Check-out, Patron Barcode: 25109002016111, Item barcode: 35109006798803, Transaction time: 3/1/2025 10:22:03 AM. Item's lastCircTransactionDate is newer than this transaction date. 
PTF_2025030109530960_LEAP-BPL.TRN Error Transaction type: Check-out, Patron Barcode: 25109002235752, Item barcode: 35109006548182, Transaction time: 3/1/2025 10:41:33 AM. Item's lastCircTransactionDate is newer than this transaction date. 
PTF_2025030109530960_LEAP-BPL.TRN Error Transaction type: Check-out, Patron Barcode: 25109002235752, Item barcode: 35109007425687, Transaction time: 3/1/2025 10:41:41 AM. Item's lastCircTransactionDate is newer than this transaction date. 
PTF_2025030109530960_LEAP-BPL.TRN Error Transaction type: Check-out, Patron Barcode: 25109002001352, Item barcode: 35109007735069, Transaction time: 3/1/2025 10:45:26 AM. Item's lastCircTransactionDate is newer than this transaction date. 
PTF_2025030109530960_LEAP-BPL.TRN Error Transaction type: Check-out, Patron Barcode: 25109001843283, Item barcode: 35109007754409, Transaction time: 3/1/2025 10:53:30 AM. Item's lastCircTransactionDate is newer than this transaction date. 
PTF_2025030109530960_LEAP-BPL.TRN Error Transaction type: Check-out, Patron Barcode: 25109002004844, Item barcode: 35109007512146, Transaction time: 3/1/2025 10:59:07 AM. Item's lastCircTransactionDate is newer than this transaction date. 
PTF_2025030109530960_LEAP-BPL.TRN Error Transaction type: Check-out, Patron Barcode: 25109001831486, Item barcode: 35109007729575, Transaction time: 3/1/2025 11:01:19 AM. Item's lastCircTransactionDate is newer than this transaction date. 
PTF_2025030109530960_LEAP-BPL.TRN Error Transaction type: Check-out, Patron Barcode: 25109001981471, Item barcode: 35109007466988, Transaction time: 3/1/2025 11:14:02 AM. Item's lastCircTransactionDate is newer than this transaction date. 
PTF_2025030109530960_LEAP-BPL.TRN Error Transaction type: Check-out, Patron Barcode: 25109001748904, Item barcode: 35109006332785, Transaction time: 3/1/2025 11:21:22 AM. Item's lastCircTransactionDate is newer than this transaction date. 
PTF_2025030109530960_LEAP-BPL.TRN Error Transaction type: Check-out, Patron Barcode: 25109001019553, Item barcode: 35109004497788, Transaction time: 3/1/2025 11:32:50 AM. Item's lastCircTransactionDate is newer than this transaction date. 
PTF_2025030109530960_LEAP-BPL.TRN Error Transaction type: Check-out, Patron Barcode: 25109002003168, Item barcode: 35109007743089, Transaction time: 3/1/2025 11:51:31 AM. Item's lastCircTransactionDate is newer than this transaction date. 
PTF_2025030109530960_LEAP-BPL.TRN Error Transaction type: Check-out, Patron Barcode: 25109002467595, Item barcode: 35109007587668, Transaction time: 3/1/2025 12:57:19 PM. Item's lastCircTransactionDate is newer than this transaction date. 
PTF_2025030109530960_LEAP-BPL.TRN Error Transaction type: Check-out, Patron Barcode: 25109002232130, Item barcode: 35109007745761, Transaction time: 3/1/2025 1:21:25 PM. Item's lastCircTransactionDate is newer than this transaction date. 
PTF_2025030109530960_LEAP-BPL.TRN Error Transaction type: Check-out, Patron Barcode: 25109002232130, Item barcode: 35109007745647, Transaction time: 3/1/2025 1:21:28 PM. Item's lastCircTransactionDate is newer than this transaction date. 
PTF_2025030109530960_LEAP-BPL.TRN Error Transaction type: Check-out, Patron Barcode: 25109001748623, Item barcode: 35109005882244, Transaction time: 3/1/2025 1:49:17 PM. Item's lastCircTransactionDate is newer than this transaction date. 
PTF_2025030109530960_LEAP-BPL.TRN Error Transaction type: Check-out, Patron Barcode: 25109001976307, Item barcode: 35109007665175, Transaction time: 3/1/2025 1:57:19 PM. Item's lastCircTransactionDate is newer than this transaction date. 
PTF_2025030109530960_LEAP-BPL.TRN Error Transaction type: Check-out, Patron Barcode: 25109001976307, Item barcode: 35109007560921, Transaction time: 3/1/2025 1:57:22 PM. Item's lastCircTransactionDate is newer than this transaction date. 
PTF_2025030109530960_LEAP-BPL.TRN Error Transaction type: Check-out, Patron Barcode: 35109003186929, Item barcode: 35109006723546, Transaction time: 3/1/2025 2:20:59 PM. Patron with barcode 35109003186929 does not exist 
PTF_2025030109530960_LEAP-BPL.TRN Error Transaction type: Check-out, Patron Barcode: 25109001833607, Item barcode: 35109007636663, Transaction time: 3/1/2025 2:36:16 PM. Item's lastCircTransactionDate is newer than this transaction date. 
PTF_2025030109530960_LEAP-BPL.TRN Error Transaction type: Check-out, Patron Barcode: 25109002012391, Item barcode: 35109007247107, Transaction time: 3/1/2025 3:08:12 PM. Item's lastCircTransactionDate is newer than this transaction date. 
PTF_2025030109530960_LEAP-BPL.TRN Error Transaction type: Check-out, Patron Barcode: 25109002012391, Item barcode: 35109006774366, Transaction time: 3/1/2025 3:08:22 PM. Item's lastCircTransactionDate is newer than this transaction date. 
PTF_2025030109530960_LEAP-BPL.TRN Error Transaction type: Check-out, Patron Barcode: 25109001884147, Item barcode: 35109004779334, Transaction time: 3/1/2025 3:35:40 PM. Item's lastCircTransactionDate is newer than this transaction date. 
PTF_2025030109530960_LEAP-BPL.TRN Error Transaction type: Check-out, Patron Barcode: 25109001797265, Item barcode: 35109004979678, Transaction time: 3/1/2025 3:56:46 PM. Item's lastCircTransactionDate is newer than this transaction date. 
PTF_2025030308092617_LEAP-BPL.TRN Error Transaction type: Check-out, Patron Barcode: 25109001639020, Item barcode: 35109007353368, Transaction time: 3/3/2025 10:26:30 AM. Item's lastCircTransactionDate is newer than this transaction date. 
PTF_2025030308092617_LEAP-BPL.TRN Error Transaction type: Check-out, Patron Barcode: 25109000712091, Item barcode: 35109007589680, Transaction time: 3/3/2025 11:02:15 AM. Item's lastCircTransactionDate is newer than this transaction date. 
PTF_2025030308092617_LEAP-BPL.TRN Error Transaction type: Check-out, Patron Barcode: 25109002465292, Item barcode: 35109007522855, Transaction time: 3/3/2025 11:28:06 AM. Item's lastCircTransactionDate is newer than this transaction date. 
PTF_2025030308092617_LEAP-BPL.TRN Error Transaction type: Check-out, Patron Barcode: 25109001986686, Item barcode: 35109007730284, Transaction time: 3/3/2025 11:33:18 AM. Item's lastCircTransactionDate is newer than this transaction date. 
PTF_2025030308092617_LEAP-BPL.TRN Error Transaction type: Check-out, Patron Barcode: 25109002469674, Item barcode: 35109007573791, Transaction time: 3/3/2025 12:41:59 PM. Item's lastCircTransactionDate is newer than this transaction date. 
PTF_2025030308092617_LEAP-BPL.TRN Error Transaction type: Check-out, Patron Barcode: 25109002086312, Item barcode: 35109007475278, Transaction time: 3/3/2025 1:06:00 PM. Item's lastCircTransactionDate is newer than this transaction date. 
PTF_2025030308092617_LEAP-BPL.TRN Error Transaction type: Check-out, Patron Barcode: 25109001064898, Item barcode: 35109007586108, Transaction time: 3/3/2025 1:12:32 PM. Item's lastCircTransactionDate is newer than this transaction date. 
PTF_2025030308092617_LEAP-BPL.TRN Error Transaction type: Check-out, Patron Barcode: 25109001597988, Item barcode: 35109007753443, Transaction time: 3/3/2025 1:38:29 PM. Item's lastCircTransactionDate is newer than this transaction date. 
PTF_2025030308092617_LEAP-BPL.TRN Error Transaction type: Check-out, Patron Barcode: 25109001813203, Item barcode: 35109007717638, Transaction time: 3/3/2025 1:56:39 PM. Item's lastCircTransactionDate is newer than this transaction date. 
PTF_2025030308092617_LEAP-BPL.TRN Error Transaction type: Check-out, Patron Barcode: 25109001813229, Item barcode: 35109006800062, Transaction time: 3/3/2025 1:58:04 PM. Item's lastCircTransactionDate is newer than this transaction date. 
PTF_2025030308092617_LEAP-BPL.TRN Error Transaction type: Check-out, Patron Barcode: 25109001899681, Item barcode: 35109006448284, Transaction time: 3/3/2025 2:19:29 PM. Item's lastCircTransactionDate is newer than this transaction date. 
PTF_2025030308092617_LEAP-BPL.TRN Error Transaction type: Check-out, Patron Barcode: 25109001756212, Item barcode: 35109007405028, Transaction time: 3/3/2025 4:59:37 PM. Item's lastCircTransactionDate is newer than this transaction date. 
PTF_2025030308092617_LEAP-BPL.TRN Error Transaction type: Check-out, Patron Barcode: 25109001957620, Item barcode: 35109004681035, Transaction time: 3/3/2025 5:11:58 PM. Item's lastCircTransactionDate is newer than this transaction date. 
PTF_2025030308092617_LEAP-BPL.TRN Error Transaction type: Check-out, Patron Barcode: 25109001957620, Item barcode: 35109000282895, Transaction time: 3/3/2025 5:12:07 PM. Item's lastCircTransactionDate is newer than this transaction date. 
PTF_2025030408491635_LEAP-BPL.TRN Error Transaction type: Check-out, Patron Barcode: 25109002232957, Item barcode: 35109007667486, Transaction time: 3/4/2025 10:18:16 AM. Item's lastCircTransactionDate is newer than this transaction date. 
PTF_2025030408491635_LEAP-BPL.TRN Error Transaction type: Check-out, Patron Barcode: 25109002232957, Item barcode: 35109007260514, Transaction time: 3/4/2025 10:18:24 AM. Item's lastCircTransactionDate is newer than this transaction date. 
PTF_2025030408491635_LEAP-BPL.TRN Error Transaction type: Check-out, Patron Barcode: 25109001973809, Item barcode: 35109006386914, Transaction time: 3/4/2025 10:21:14 AM. Item's lastCircTransactionDate is newer than this transaction date. 
PTF_2025030408491635_LEAP-BPL.TRN Error Transaction type: Check-out, Patron Barcode: 25109002016111, Item barcode: 35109007573684, Transaction time: 3/4/2025 10:35:04 AM. Item's lastCircTransactionDate is newer than this transaction date. 
PTF_2025030408491635_LEAP-BPL.TRN Error Transaction type: Check-out, Patron Barcode: 25109000154963, Item barcode: 35109007706912, Transaction time: 3/4/2025 11:00:08 AM. Item's lastCircTransactionDate is newer than this transaction date. 
PTF_2025030408491635_LEAP-BPL.TRN Error Transaction type: Check-out, Patron Barcode: 25109001791219, Item barcode: 35109003099544, Transaction time: 3/4/2025 11:07:42 AM. Item's lastCircTransactionDate is newer than this transaction date. 
PTF_2025030408491635_LEAP-BPL.TRN Error Transaction type: Check-out, Patron Barcode: b25109002041986, Item barcode: 35109007745829, Transaction time: 3/4/2025 11:41:48 AM. Patron with barcode b25109002041986 does not exist 
PTF_2025030408491635_LEAP-BPL.TRN Error Transaction type: Check-out, Patron Barcode: 25109002468726, Item barcode: 35109007300310, Transaction time: 3/4/2025 11:45:57 AM. Item's lastCircTransactionDate is newer than this transaction date. 
PTF_2025030408491635_LEAP-BPL.TRN Error Transaction type: Check-out, Patron Barcode: 25109001470384, Item barcode: 35109007460338, Transaction time: 3/4/2025 12:02:50 PM. Item's lastCircTransactionDate is newer than this transaction date. 
PTF_2025030408491635_LEAP-BPL.TRN Error Transaction type: Check-out, Patron Barcode: 25109002016830, Item barcode: 35109007531070, Transaction time: 3/4/2025 1:01:49 PM. Item's lastCircTransactionDate is newer than this transaction date. 
PTF_2025030408491635_LEAP-BPL.TRN Error Transaction type: Check-out, Patron Barcode: 25109001533553, Item barcode: 35109006662827, Transaction time: 3/4/2025 1:46:40 PM. Item's lastCircTransactionDate is newer than this transaction date. 
PTF_2025030408491635_LEAP-BPL.TRN Error Transaction type: Check-out, Patron Barcode: 25109002232726, Item barcode: 35109007475708, Transaction time: 3/4/2025 3:36:46 PM. Item's lastCircTransactionDate is newer than this transaction date. 
PTF_2025030408491635_LEAP-BPL.TRN Error Transaction type: Check-out, Patron Barcode: 25109002052652, Item barcode: 35109007729484, Transaction time: 3/4/2025 3:40:39 PM. Item's lastCircTransactionDate is newer than this transaction date. 
PTF_2025030408491635_LEAP-BPL.TRN Error Transaction type: Check-out, Patron Barcode: 25109001959469, Item barcode: 35109006791584, Transaction time: 3/4/2025 5:30:02 PM. Item's lastCircTransactionDate is newer than this transaction date. 
PTF_2025030408491635_LEAP-BPL.TRN Error Transaction type: Check-out, Patron Barcode: 25109002023323, Item barcode: 35109007746082, Transaction time: 3/4/2025 5:58:58 PM. Item's lastCircTransactionDate is newer than this transaction date. 
PTF_2025030409000623_LEAP-BPL.TRN Error Transaction type: Check-out, Patron Barcode: 25109001440684, Item barcode: 35109007755356, Transaction time: 3/4/2025 10:20:55 AM. Item's lastCircTransactionDate is newer than this transaction date. 
PTF_2025030409000623_LEAP-BPL.TRN Error Transaction type: Check-out, Patron Barcode: 25109001856699, Item barcode: 35109007565805, Transaction time: 3/4/2025 10:33:57 AM. Item's lastCircTransactionDate is newer than this transaction date. 
PTF_2025030409000623_LEAP-BPL.TRN Error Transaction type: Check-out, Patron Barcode: 25109001814664, Item barcode: 35109007681206, Transaction time: 3/4/2025 10:35:35 AM. Item's lastCircTransactionDate is newer than this transaction date. 
PTF_2025030409000623_LEAP-BPL.TRN Error Transaction type: Check-out, Patron Barcode: 25109000115600, Item barcode: 35109007754193, Transaction time: 3/4/2025 10:36:52 AM. Item's lastCircTransactionDate is newer than this transaction date. 
PTF_2025030409000623_LEAP-BPL.TRN Error Transaction type: Check-out, Patron Barcode: 25109001498856, Item barcode: 35109007397076, Transaction time: 3/4/2025 11:57:36 AM. Item's lastCircTransactionDate is newer than this transaction date. 
PTF_2025030409000623_LEAP-BPL.TRN Error Transaction type: Check-out, Patron Barcode: 25109002465433, Item barcode: 35109006765893, Transaction time: 3/4/2025 12:44:29 PM. Item's lastCircTransactionDate is newer than this transaction date. 
PTF_2025030409000623_LEAP-BPL.TRN Error Transaction type: Check-out, Patron Barcode: 25109001175843, Item barcode: 35109007742743, Transaction time: 3/4/2025 3:03:02 PM. Item's lastCircTransactionDate is newer than this transaction date. 
PTF_2025030409000623_LEAP-BPL.TRN Error Transaction type: Check-out, Patron Barcode: 25109001587518, Item barcode: 35109007725003, Transaction time: 3/4/2025 4:58:25 PM. Item's lastCircTransactionDate is newer than this transaction date. 
PTF_2025030508382276_LEAP-BPL.TRN Error Transaction type: Check-out, Patron Barcode: 25109001814854, Item barcode: 35109007574690, Transaction time: 3/5/2025 10:11:39 AM. Item's lastCircTransactionDate is newer than this transaction date. 
PTF_2025030508382276_LEAP-BPL.TRN Error Transaction type: Check-out, Patron Barcode: 25109002012722, Item barcode: 35109007518986, Transaction time: 3/5/2025 10:40:06 AM. Item's lastCircTransactionDate is newer than this transaction date. 
PTF_2025030508382276_LEAP-BPL.TRN Error Transaction type: Check-out, Patron Barcode: 25109001770403, Item barcode: 35109006801862, Transaction time: 3/5/2025 10:41:02 AM. Item's lastCircTransactionDate is newer than this transaction date. 
PTF_2025030508382276_LEAP-BPL.TRN Error Transaction type: Check-out, Patron Barcode: 25109001708965, Item barcode: 35109001386703, Transaction time: 3/5/2025 10:46:02 AM. Item's lastCircTransactionDate is newer than this transaction date. 
PTF_2025030508382276_LEAP-BPL.TRN Error Transaction type: Check-out, Patron Barcode: 25109001829811, Item barcode: 35109007541913, Transaction time: 3/5/2025 11:14:09 AM. Item's lastCircTransactionDate is newer than this transaction date. 
PTF_2025030508382276_LEAP-BPL.TRN Error Transaction type: Check-out, Patron Barcode: 25109001829811, Item barcode: 35109007542069, Transaction time: 3/5/2025 11:14:17 AM. Item's lastCircTransactionDate is newer than this transaction date. 
PTF_2025030508382276_LEAP-BPL.TRN Error Transaction type: Check-out, Patron Barcode: 25109001870807, Item barcode: 35109001599420, Transaction time: 3/5/2025 12:20:26 PM. Item's lastCircTransactionDate is newer than this transaction date. 
PTF_2025030508382276_LEAP-BPL.TRN Error Transaction type: Check-out, Patron Barcode: 25109002001535, Item barcode: 35109005866999, Transaction time: 3/5/2025 1:59:06 PM. Item's lastCircTransactionDate is newer than this transaction date. 
PTF_2025030508382276_LEAP-BPL.TRN Error Transaction type: Check-out, Patron Barcode: 25109002075554, Item barcode: 35109004921357, Transaction time: 3/5/2025 2:08:52 PM. Item's lastCircTransactionDate is newer than this transaction date. 
PTF_2025030508382276_LEAP-BPL.TRN Error Transaction type: Check-out, Patron Barcode: 25109002466761, Item barcode: 35109006583197, Transaction time: 3/5/2025 2:13:21 PM. Item's lastCircTransactionDate is newer than this transaction date. 
PTF_2025030508382276_LEAP-BPL.TRN Error Transaction type: Check-out, Patron Barcode: 25109002006807, Item barcode: 35109007736794, Transaction time: 3/5/2025 3:07:35 PM. Item's lastCircTransactionDate is newer than this transaction date. 
PTF_2025030508382276_LEAP-BPL.TRN Error Transaction type: Check-out, Patron Barcode: 25109000062190, Item barcode: 35109007754037, Transaction time: 3/5/2025 3:46:29 PM. Item's lastCircTransactionDate is newer than this transaction date. 
PTF_2025030508382276_LEAP-BPL.TRN Error Transaction type: Check-out, Patron Barcode: 25109001792779, Item barcode: 35109006766735, Transaction time: 3/5/2025 4:10:54 PM. Item's lastCircTransactionDate is newer than this transaction date. 
PTF_2025030508382276_LEAP-BPL.TRN Error Transaction type: Check-out, Patron Barcode: 25109002472322, Item barcode: 35109007352683, Transaction time: 3/5/2025 5:08:02 PM. Item's lastCircTransactionDate is newer than this transaction date.